ModuleCar/build/intermediates/manifest_merge_blame_file/debug/manifest-merger-blame-debug-report.txt
1<?xml version="1.0" encoding="utf-8"?>
2<manifest xmlns:android="http://schemas.android.com/apk/res/android"
3    xmlns:tools="http://schemas.android.com/tools"
4    package="pub.gll.onepeas.module.car" >
5
6    <uses-sdk
7        android:minSdkVersion="24"
7-->src/main/AndroidManifest.xml
8        android:targetSdkVersion="33" />
8-->src/main/AndroidManifest.xml
9
10    <uses-permission android:name="android.permission.ACCESS_NETWORK_STATE" />
10-->src/main/AndroidManifest.xml:5:5-79
10-->src/main/AndroidManifest.xml:5:22-76
11
12    <application>
12-->src/main/AndroidManifest.xml:6:5-32:19
13        <activity
13-->src/main/AndroidManifest.xml:8:9-10:53
14            android:name="pub.gll.onepeas.module.car.activity.CarActivity"
14-->src/main/AndroidManifest.xml:9:13-49
15            android:theme="@style/Theme.AppCompat" />
15-->src/main/AndroidManifest.xml:10:13-51
16        <activity
16-->src/main/AndroidManifest.xml:11:9-18:20
17            android:name="pub.gll.onepeas.module.car.activity.CarComposeActivity"
17-->src/main/AndroidManifest.xml:17:13-56
18            android:configChanges="orientation|screenSize|keyboardHidden"
18-->src/main/AndroidManifest.xml:15:13-74
19            android:exported="true"
19-->src/main/AndroidManifest.xml:12:13-36
20            android:hardwareAccelerated="true"
20-->src/main/AndroidManifest.xml:16:13-47
21            android:screenOrientation="fullSensor"
21-->src/main/AndroidManifest.xml:14:13-51
22            android:theme="@style/Theme.OnePeasToDo" >
22-->src/main/AndroidManifest.xml:13:13-53
23        </activity>
24        <activity
24-->src/main/AndroidManifest.xml:19:9-21:54
25            android:name="pub.gll.onepeas.module.car.activity.CustomViewAct"
25-->src/main/AndroidManifest.xml:20:13-51
26            android:theme="@style/Theme.AppCompat" />
26-->src/main/AndroidManifest.xml:21:13-51
27
28        <provider
28-->src/main/AndroidManifest.xml:22:9-31:20
29            android:name="androidx.startup.InitializationProvider"
29-->src/main/AndroidManifest.xml:23:13-67
30            android:authorities="${applicationId}.androidx.startup"
30-->src/main/AndroidManifest.xml:24:13-68
31            android:exported="false"
31-->src/main/AndroidManifest.xml:25:13-37
32            tools:node="merge"
32-->src/main/AndroidManifest.xml:26:13-31
33            tools:replace="android:authorities" >
33-->src/main/AndroidManifest.xml:27:13-48
34            <meta-data
34-->src/main/AndroidManifest.xml:28:13-30:52
35                android:name="pub.gll.onepeas.module.car.init.AppInitializer"
35-->src/main/AndroidManifest.xml:29:17-78
36                android:value="androidx.startup" />
36-->src/main/AndroidManifest.xml:30:17-49
37        </provider>
38    </application>
39
40</manifest>